Source: |-
fact(x) = If x < 2 Then 1 Else x * fact(x - 1);
main() = outputInt(fact(3));
Instructions: |-
call main
halt
fact:
addI t0 zero 2
jll a0 t0 _l0
addI t2 zero 1
sub t3 a0 t2
add a1 a0 zero
swm t0 sp 0
subI sp sp 1
swm t1 sp 0
subI sp sp 1
swm t2 sp 0
subI sp sp 1
swm t3 sp 0
subI sp sp 1
swm a1 sp 0
subI sp sp 1
add a0 t3 zero
call fact
addI sp sp 1
lwm a1 sp 0
addI sp sp 1
lwm t3 sp 0
addI sp sp 1
lwm t2 sp 0
addI sp sp 1
lwm t1 sp 0
addI sp sp 1
lwm t0 sp 0
mul a2 a1 a0
add s0 a0 zero
swm t0 sp 0
subI sp sp 1
swm t1 sp 0
subI sp sp 1
swm t2 sp 0
subI sp sp 1
swm t3 sp 0
subI sp sp 1
swm a2 sp 0
subI sp sp 1
swm a1 sp 0
subI sp sp 1
add a0 a2 zero
call id
addI sp sp 1
lwm a1 sp 0
addI sp sp 1
lwm a2 sp 0
addI sp sp 1
lwm t3 sp 0
addI sp sp 1
lwm t2 sp 0
addI sp sp 1
lwm t1 sp 0
addI sp sp 1
lwm t0 sp 0
add t1 a0 zero
jumpl _l1
_l0:
addI t2 zero 1
add t3 a0 zero
swm t0 sp 0
subI sp sp 1
swm t1 sp 0
subI sp sp 1
swm t2 sp 0
subI sp sp 1
swm t3 sp 0
subI sp sp 1
add a0 t2 zero
call id
addI sp sp 1
lwm t3 sp 0
addI sp sp 1
lwm t2 sp 0
addI sp sp 1
lwm t1 sp 0
addI sp sp 1
lwm t0 sp 0
add t1 a0 zero
_l1:
add a0 t1 zero
ret
main:
addI t0 zero 3
add t1 a0 zero
swm t0 sp 0
subI sp sp 1
add a0 t0 zero
call fact
addI sp sp 1
lwm t0 sp 0
add t1 a0 zero
swm t1 sp 0
subI sp sp 1
swm t0 sp 0
subI sp sp 1
add a0 t1 zero
call outputInt
addI sp sp 1
lwm t0 sp 0
addI sp sp 1
lwm t1 sp 0
add a0 a0 zero
ret
input:
swm a0 dr 0
add a1 dr zero
_loop:
jel a0 zero _end
addI dr dr 1
lwi dr 0
subI a0 a0 1
jumpl _loop
_end:
add a0 a1 zero
addI dr dr 1
ret
output:
lwm t0 a0 0
_loop:
jel t0 zero _end
addI a0 a0 1
swo a0 0
subI t0 t0 1
jumpl _loop
_end:
addI dr dr 1
ret
addLists:
add t3 dr zero
lwm t0 a0 0
lwm t1 a1 0
add t2 t0 t1
swm t2 dr 0
_loop1:
jel t0 zero _loop2
addI dr dr 4
addI a0 a0 4
lwm tr a0 0
swm tr dr 0
subI t0 t0 4
jumpl _loop1
_loop2:
jel t1 zero _end
addI dr dr 4
addI a1 a1 4
lwm tr a1 0
swm tr dr 0
subI t1 t1 4
jumpl _loop2
_end:
add a0 t3 zero
addI dr dr 4
ret
head:
lwm a0 a0 4
ret
tail:
add t3 dr zero
lwm t0 a0 0
addI a0 a0 1
subI t0 t0 1
swm t0 dr 0
_loop:
jel t0 zero _end
addI a0 a0 1
addI dr dr 1
lwm tr a0 0
swm tr dr 0
subI t0 t0 4
jumpl _loop
_end:
add a0 t3 zero
addI dr dr 1
ret
outputChar:
swm a0 dr 0
swo dr 0
ret
outputInt:
jel a0 zero _output0
jll a0 zero _wsign
call outputPositiveInt
ret
_wsign:
add s0 a0 zero
addI a0 zero 45
call outputChar
sub a0 zero s0
jumpl outputPositiveInt
_output0:
addI a0 zero 48
call outputChar
ret
outputPositiveInt:
jel a0 zero _end
swm a0 sp 0
subI sp sp 1
divI a0 a0 10
call outputPositiveInt
addI sp sp 1
lwm a0 sp 0
modI a0 a0 10
addI a0 a0 48
call outputChar
_end:
ret
id:
ret

Stdin: |-
 
Ticks: |-
pc: 0, instruction: swm ra sp 0, t0: 0, t1: 0, t2: 0, t3: 0, a0: 0, a1: 0, a2: 0, s0: 0, s1: 0, s2: 0, zero: 0, dr: 0, ra: 0, sp: 4096, tr: 0, , rin : 0, rout: 0
pc: 4, instruction: subI sp sp 1, t0: 0, t1: 0, t2: 0, t3: 0, a0: 0, a1: 0, a2: 0, s0: 0, s1: 0, s2: 0, zero: 0, dr: 0, ra: 0, sp: 4096, tr: 0, , rin : 0, rout: 0
pc: 8, instruction: savePC, t0: 0, t1: 0, t2: 0, t3: 0, a0: 0, a1: 0, a2: 0, s0: 0, s1: 0, s2: 0, zero: 0, dr: 0, ra: 0, sp: 4095, tr: 0, , rin : 0, rout: 0
pc: 12, instruction: jump zero 420, t0: 0, t1: 0, t2: 0, t3: 0, a0: 0, a1: 0, a2: 0, s0: 0, s1: 0, s2: 0, zero: 0, dr: 0, ra: 8, sp: 4095, tr: 0, , rin : 0, rout: 0
pc: 420, instruction: nop, t0: 0, t1: 0, t2: 0, t3: 0, a0: 0, a1: 0, a2: 0, s0: 0, s1: 0, s2: 0, zero: 0, dr: 0, ra: 8, sp: 4095, tr: 0, , rin : 0, rout: 0
pc: 424, instruction: addI t0 zero 3, t0: 0, t1: 0, t2: 0, t3: 0, a0: 0, a1: 0, a2: 0, s0: 0, s1: 0, s2: 0, zero: 0, dr: 0, ra: 8, sp: 4095, tr: 0, , rin : 0, rout: 0
pc: 428, instruction: add t1 a0 zero, t0: 3, t1: 0, t2: 0, t3: 0, a0: 0, a1: 0, a2: 0, s0: 0, s1: 0, s2: 0, zero: 0, dr: 0, ra: 8, sp: 4095, tr: 0, , rin : 0, rout: 0
pc: 432, instruction: swm t0 sp 0, t0: 3, t1: 0, t2: 0, t3: 0, a0: 0, a1: 0, a2: 0, s0: 0, s1: 0, s2: 0, zero: 0, dr: 0, ra: 8, sp: 4095, tr: 0, , rin : 0, rout: 0
pc: 436, instruction: subI sp sp 1, t0: 3, t1: 0, t2: 0, t3: 0, a0: 0, a1: 0, a2: 0, s0: 0, s1: 0, s2: 0, zero: 0, dr: 0, ra: 8, sp: 4095, tr: 0, , rin : 0, rout: 0
pc: 440, instruction: add a0 t0 zero, t0: 3, t1: 0, t2: 0, t3: 0, a0: 0, a1: 0, a2: 0, s0: 0, s1: 0, s2: 0, zero: 0, dr: 0, ra: 8, sp: 4094, tr: 0, , rin : 0, rout: 0
pc: 444, instruction: swm ra sp 0, t0: 3, t1: 0, t2: 0, t3: 0, a0: 3, a1: 0, a2: 0, s0: 0, s1: 0, s2: 0, zero: 0, dr: 0, ra: 8, sp: 4094, tr: 0, , rin : 0, rout: 0
pc: 448, instruction: subI sp sp 1, t0: 3, t1: 0, t2: 0, t3: 0, a0: 3, a1: 0, a2: 0, s0: 0, s1: 0, s2: 0, zero: 0, dr: 0, ra: 8, sp: 4094, tr: 0, , rin : 0, rout: 0
pc: 452, instruction: savePC, t0: 3, t1: 0, t2: 0, t3: 0, a0: 3, a1: 0, a2: 0, s0: 0, s1: 0, s2: 0, zero: 0, dr: 0, ra: 8, sp: 4093, tr: 0, , rin : 0, rout: 0
pc: 456, instruction: jump zero 28, t0: 3, t1: 0, t2: 0, t3: 0, a0: 3, a1: 0, a2: 0, s0: 0, s1: 0, s2: 0, zero: 0, dr: 0, ra: 452, sp: 4093, tr: 0, , rin : 0, rout: 0
pc: 28, instruction: nop, t0: 3, t1: 0, t2: 0, t3: 0, a0: 3, a1: 0, a2: 0, s0: 0, s1: 0, s2: 0, zero: 0, dr: 0, ra: 452, sp: 4093, tr: 0, , rin : 0, rout: 0
pc: 32, instruction: addI t0 zero 2, t0: 3, t1: 0, t2: 0, t3: 0, a0: 3, a1: 0, a2: 0, s0: 0, s1: 0, s2: 0, zero: 0, dr: 0, ra: 452, sp: 4093, tr: 0, , rin : 0, rout: 0
pc: 36, instruction: jl a0 t0 260, t0: 2, t1: 0, t2: 0, t3: 0, a0: 3, a1: 0, a2: 0, s0: 0, s1: 0, s2: 0, zero: 0, dr: 0, ra: 452, sp: 4093, tr: 0, , rin : 0, rout: 0
pc: 40, instruction: addI t2 zero 1, t0: 2, t1: 0, t2: 0, t3: 0, a0: 3, a1: 0, a2: 0, s0: 0, s1: 0, s2: 0, zero: 0, dr: 0, ra: 452, sp: 4093, tr: 0, , rin : 0, rout: 0
pc: 44, instruction: sub t3 a0 t2, t0: 2, t1: 0, t2: 1, t3: 0, a0: 3, a1: 0, a2: 0, s0: 0, s1: 0, s2: 0, zero: 0, dr: 0, ra: 452, sp: 4093, tr: 0, , rin : 0, rout: 0
pc: 48, instruction: add a1 a0 zero, t0: 2, t1: 0, t2: 1, t3: 2, a0: 3, a1: 0, a2: 0, s0: 0, s1: 0, s2: 0, zero: 0, dr: 0, ra: 452, sp: 4093, tr: 0, , rin : 0, rout: 0
pc: 52, instruction: swm t0 sp 0, t0: 2, t1: 0, t2: 1, t3: 2, a0: 3, a1: 3, a2: 0, s0: 0, s1: 0, s2: 0, zero: 0, dr: 0, ra: 452, sp: 4093, tr: 0, , rin : 0, rout: 0
pc: 56, instruction: subI sp sp 1, t0: 2, t1: 0, t2: 1, t3: 2, a0: 3, a1: 3, a2: 0, s0: 0, s1: 0, s2: 0, zero: 0, dr: 0, ra: 452, sp: 4093, tr: 0, , rin : 0, rout: 0
pc: 60, instruction: swm t1 sp 0, t0: 2, t1: 0, t2: 1, t3: 2, a0: 3, a1: 3, a2: 0, s0: 0, s1: 0, s2: 0, zero: 0, dr: 0, ra: 452, sp: 4092, tr: 0, , rin : 0, rout: 0
pc: 64, instruction: subI sp sp 1, t0: 2, t1: 0, t2: 1, t3: 2, a0: 3, a1: 3, a2: 0, s0: 0, s1: 0, s2: 0, zero: 0, dr: 0, ra: 452, sp: 4092, tr: 0, , rin : 0, rout: 0
pc: 68, instruction: swm t2 sp 0, t0: 2, t1: 0, t2: 1, t3: 2, a0: 3, a1: 3, a2: 0, s0: 0, s1: 0, s2: 0, zero: 0, dr: 0, ra: 452, sp: 4091, tr: 0, , rin : 0, rout: 0
pc: 72, instruction: subI sp sp 1, t0: 2, t1: 0, t2: 1, t3: 2, a0: 3, a1: 3, a2: 0, s0: 0, s1: 0, s2: 0, zero: 0, dr: 0, ra: 452, sp: 4091, tr: 0, , rin : 0, rout: 0
pc: 76, instruction: swm t3 sp 0, t0: 2, t1: 0, t2: 1, t3: 2, a0: 3, a1: 3, a2: 0, s0: 0, s1: 0, s2: 0, zero: 0, dr: 0, ra: 452, sp: 4090, tr: 0, , rin : 0, rout: 0
pc: 80, instruction: subI sp sp 1, t0: 2, t1: 0, t2: 1, t3: 2, a0: 3, a1: 3, a2: 0, s0: 0, s1: 0, s2: 0, zero: 0, dr: 0, ra: 452, sp: 4090, tr: 0, , rin : 0, rout: 0
pc: 84, instruction: swm a1 sp 0, t0: 2, t1: 0, t2: 1, t3: 2, a0: 3, a1: 3, a2: 0, s0: 0, s1: 0, s2: 0, zero: 0, dr: 0, ra: 452, sp: 4089, tr: 0, , rin : 0, rout: 0
pc: 88, instruction: subI sp sp 1, t0: 2, t1: 0, t2: 1, t3: 2, a0: 3, a1: 3, a2: 0, s0: 0, s1: 0, s2: 0, zero: 0, dr: 0, ra: 452, sp: 4089, tr: 0, , rin : 0, rout: 0
pc: 92, instruction: add a0 t3 zero, t0: 2, t1: 0, t2: 1, t3: 2, a0: 3, a1: 3, a2: 0, s0: 0, s1: 0, s2: 0, zero: 0, dr: 0, ra: 452, sp: 4088, tr: 0, , rin : 0, rout: 0
pc: 96, instruction: swm ra sp 0, t0: 2, t1: 0, t2: 1, t3: 2, a0: 2, a1: 3, a2: 0, s0: 0, s1: 0, s2: 0, zero: 0, dr: 0, ra: 452, sp: 4088, tr: 0, , rin : 0, rout: 0
pc: 100, instruction: subI sp sp 1, t0: 2, t1: 0, t2: 1, t3: 2, a0: 2, a1: 3, a2: 0, s0: 0, s1: 0, s2: 0, zero: 0, dr: 0, ra: 452, sp: 4088, tr: 0, , rin : 0, rout: 0
pc: 104, instruction: savePC, t0: 2, t1: 0, t2: 1, t3: 2, a0: 2, a1: 3, a2: 0, s0: 0, s1: 0, s2: 0, zero: 0, dr: 0, ra: 452, sp: 4087, tr: 0, , rin : 0, rout: 0
pc: 108, instruction: jump zero 28, t0: 2, t1: 0, t2: 1, t3: 2, a0: 2, a1: 3, a2: 0, s0: 0, s1: 0, s2: 0, zero: 0, dr: 0, ra: 104, sp: 4087, tr: 0, , rin : 0, rout: 0
pc: 28, instruction: nop, t0: 2, t1: 0, t2: 1, t3: 2, a0: 2, a1: 3, a2: 0, s0: 0, s1: 0, s2: 0, zero: 0, dr: 0, ra: 104, sp: 4087, tr: 0, , rin : 0, rout: 0
pc: 32, instruction: addI t0 zero 2, t0: 2, t1: 0, t2: 1, t3: 2, a0: 2, a1: 3, a2: 0, s0: 0, s1: 0, s2: 0, zero: 0, dr: 0, ra: 104, sp: 4087, tr: 0, , rin : 0, rout: 0
pc: 36, instruction: jl a0 t0 260, t0: 2, t1: 0, t2: 1, t3: 2, a0: 2, a1: 3, a2: 0, s0: 0, s1: 0, s2: 0, zero: 0, dr: 0, ra: 104, sp: 4087, tr: 0, , rin : 0, rout: 0
pc: 40, instruction: addI t2 zero 1, t0: 2, t1: 0, t2: 1, t3: 2, a0: 2, a1: 3, a2: 0, s0: 0, s1: 0, s2: 0, zero: 0, dr: 0, ra: 104, sp: 4087, tr: 0, , rin : 0, rout: 0
pc: 44, instruction: sub t3 a0 t2, t0: 2, t1: 0, t2: 1, t3: 2, a0: 2, a1: 3, a2: 0, s0: 0, s1: 0, s2: 0, zero: 0, dr: 0, ra: 104, sp: 4087, tr: 0, , rin : 0, rout: 0
pc: 48, instruction: add a1 a0 zero, t0: 2, t1: 0, t2: 1, t3: 1, a0: 2, a1: 3, a2: 0, s0: 0, s1: 0, s2: 0, zero: 0, dr: 0, ra: 104, sp: 4087, tr: 0, , rin : 0, rout: 0
pc: 52, instruction: swm t0 sp 0, t0: 2, t1: 0, t2: 1, t3: 1, a0: 2, a1: 2, a2: 0, s0: 0, s1: 0, s2: 0, zero: 0, dr: 0, ra: 104, sp: 4087, tr: 0, , rin : 0, rout: 0
pc: 56, instruction: subI sp sp 1, t0: 2, t1: 0, t2: 1, t3: 1, a0: 2, a1: 2, a2: 0, s0: 0, s1: 0, s2: 0, zero: 0, dr: 0, ra: 104, sp: 4087, tr: 0, , rin : 0, rout: 0
pc: 60, instruction: swm t1 sp 0, t0: 2, t1: 0, t2: 1, t3: 1, a0: 2, a1: 2, a2: 0, s0: 0, s1: 0, s2: 0, zero: 0, dr: 0, ra: 104, sp: 4086, tr: 0, , rin : 0, rout: 0
pc: 64, instruction: subI sp sp 1, t0: 2, t1: 0, t2: 1, t3: 1, a0: 2, a1: 2, a2: 0, s0: 0, s1: 0, s2: 0, zero: 0, dr: 0, ra: 104, sp: 4086, tr: 0, , rin : 0, rout: 0
pc: 68, instruction: swm t2 sp 0, t0: 2, t1: 0, t2: 1, t3: 1, a0: 2, a1: 2, a2: 0, s0: 0, s1: 0, s2: 0, zero: 0, dr: 0, ra: 104, sp: 4085, tr: 0, , rin : 0, rout: 0
pc: 72, instruction: subI sp sp 1, t0: 2, t1: 0, t2: 1, t3: 1, a0: 2, a1: 2, a2: 0, s0: 0, s1: 0, s2: 0, zero: 0, dr: 0, ra: 104, sp: 4085, tr: 0, , rin : 0, rout: 0
pc: 76, instruction: swm t3 sp 0, t0: 2, t1: 0, t2: 1, t3: 1, a0: 2, a1: 2, a2: 0, s0: 0, s1: 0, s2: 0, zero: 0, dr: 0, ra: 104, sp: 4084, tr: 0, , rin : 0, rout: 0
pc: 80, instruction: subI sp sp 1, t0: 2, t1: 0, t2: 1, t3: 1, a0: 2, a1: 2, a2: 0, s0: 0, s1: 0, s2: 0, zero: 0, dr: 0, ra: 104, sp: 4084, tr: 0, , rin : 0, rout: 0
pc: 84, instruction: swm a1 sp 0, t0: 2, t1: 0, t2: 1, t3: 1, a0: 2, a1: 2, a2: 0, s0: 0, s1: 0, s2: 0, zero: 0, dr: 0, ra: 104, sp: 4083, tr: 0, , rin : 0, rout: 0
pc: 88, instruction: subI sp sp 1, t0: 2, t1: 0, t2: 1, t3: 1, a0: 2, a1: 2, a2: 0, s0: 0, s1: 0, s2: 0, zero: 0, dr: 0, ra: 104, sp: 4083, tr: 0, , rin : 0, rout: 0
pc: 92, instruction: add a0 t3 zero, t0: 2, t1: 0, t2: 1, t3: 1, a0: 2, a1: 2, a2: 0, s0: 0, s1: 0, s2: 0, zero: 0, dr: 0, ra: 104, sp: 4082, tr: 0, , rin : 0, rout: 0
pc: 96, instruction: swm ra sp 0, t0: 2, t1: 0, t2: 1, t3: 1, a0: 1, a1: 2, a2: 0, s0: 0, s1: 0, s2: 0, zero: 0, dr: 0, ra: 104, sp: 4082, tr: 0, , rin : 0, rout: 0
pc: 100, instruction: subI sp sp 1, t0: 2, t1: 0, t2: 1, t3: 1, a0: 1, a1: 2, a2: 0, s0: 0, s1: 0, s2: 0, zero: 0, dr: 0, ra: 104, sp: 4082, tr: 0, , rin : 0, rout: 0
pc: 104, instruction: savePC, t0: 2, t1: 0, t2: 1, t3: 1, a0: 1, a1: 2, a2: 0, s0: 0, s1: 0, s2: 0, zero: 0, dr: 0, ra: 104, sp: 4081, tr: 0, , rin : 0, rout: 0
pc: 108, instruction: jump zero 28, t0: 2, t1: 0, t2: 1, t3: 1, a0: 1, a1: 2, a2: 0, s0: 0, s1: 0, s2: 0, zero: 0, dr: 0, ra: 104, sp: 4081, tr: 0, , rin : 0, rout: 0
pc: 28, instruction: nop, t0: 2, t1: 0, t2: 1, t3: 1, a0: 1, a1: 2, a2: 0, s0: 0, s1: 0, s2: 0, zero: 0, dr: 0, ra: 104, sp: 4081, tr: 0, , rin : 0, rout: 0
pc: 32, instruction: addI t0 zero 2, t0: 2, t1: 0, t2: 1, t3: 1, a0: 1, a1: 2, a2: 0, s0: 0, s1: 0, s2: 0, zero: 0, dr: 0, ra: 104, sp: 4081, tr: 0, , rin : 0, rout: 0
pc: 36, instruction: jl a0 t0 260, t0: 2, t1: 0, t2: 1, t3: 1, a0: 1, a1: 2, a2: 0, s0: 0, s1: 0, s2: 0, zero: 0, dr: 0, ra: 104, sp: 4081, tr: 0, , rin : 0, rout: 0
pc: 300, instruction: nop, t0: 2, t1: 0, t2: 1, t3: 1, a0: 1, a1: 2, a2: 0, s0: 0, s1: 0, s2: 0, zero: 0, dr: 0, ra: 104, sp: 4081, tr: 0, , rin : 0, rout: 0
pc: 304, instruction: addI t2 zero 1, t0: 2, t1: 0, t2: 1, t3: 1, a0: 1, a1: 2, a2: 0, s0: 0, s1: 0, s2: 0, zero: 0, dr: 0, ra: 104, sp: 4081, tr: 0, , rin : 0, rout: 0
pc: 308, instruction: add t3 a0 zero, t0: 2, t1: 0, t2: 1, t3: 1, a0: 1, a1: 2, a2: 0, s0: 0, s1: 0, s2: 0, zero: 0, dr: 0, ra: 104, sp: 4081, tr: 0, , rin : 0, rout: 0
pc: 312, instruction: swm t0 sp 0, t0: 2, t1: 0, t2: 1, t3: 1, a0: 1, a1: 2, a2: 0, s0: 0, s1: 0, s2: 0, zero: 0, dr: 0, ra: 104, sp: 4081, tr: 0, , rin : 0, rout: 0
pc: 316, instruction: subI sp sp 1, t0: 2, t1: 0, t2: 1, t3: 1, a0: 1, a1: 2, a2: 0, s0: 0, s1: 0, s2: 0, zero: 0, dr: 0, ra: 104, sp: 4081, tr: 0, , rin : 0, rout: 0
pc: 320, instruction: swm t1 sp 0, t0: 2, t1: 0, t2: 1, t3: 1, a0: 1, a1: 2, a2: 0, s0: 0, s1: 0, s2: 0, zero: 0, dr: 0, ra: 104, sp: 4080, tr: 0, , rin : 0, rout: 0
pc: 324, instruction: subI sp sp 1, t0: 2, t1: 0, t2: 1, t3: 1, a0: 1, a1: 2, a2: 0, s0: 0, s1: 0, s2: 0, zero: 0, dr: 0, ra: 104, sp: 4080, tr: 0, , rin : 0, rout: 0
pc: 328, instruction: swm t2 sp 0, t0: 2, t1: 0, t2: 1, t3: 1, a0: 1, a1: 2, a2: 0, s0: 0, s1: 0, s2: 0, zero: 0, dr: 0, ra: 104, sp: 4079, tr: 0, , rin : 0, rout: 0
pc: 332, instruction: subI sp sp 1, t0: 2, t1: 0, t2: 1, t3: 1, a0: 1, a1: 2, a2: 0, s0: 0, s1: 0, s2: 0, zero: 0, dr: 0, ra: 104, sp: 4079, tr: 0, , rin : 0, rout: 0
pc: 336, instruction: swm t3 sp 0, t0: 2, t1: 0, t2: 1, t3: 1, a0: 1, a1: 2, a2: 0, s0: 0, s1: 0, s2: 0, zero: 0, dr: 0, ra: 104, sp: 4078, tr: 0, , rin : 0, rout: 0
pc: 340, instruction: subI sp sp 1, t0: 2, t1: 0, t2: 1, t3: 1, a0: 1, a1: 2, a2: 0, s0: 0, s1: 0, s2: 0, zero: 0, dr: 0, ra: 104, sp: 4078, tr: 0, , rin : 0, rout: 0
pc: 344, instruction: add a0 t2 zero, t0: 2, t1: 0, t2: 1, t3: 1, a0: 1, a1: 2, a2: 0, s0: 0, s1: 0, s2: 0, zero: 0, dr: 0, ra: 104, sp: 4077, tr: 0, , rin : 0, rout: 0
pc: 348, instruction: swm ra sp 0, t0: 2, t1: 0, t2: 1, t3: 1, a0: 1, a1: 2, a2: 0, s0: 0, s1: 0, s2: 0, zero: 0, dr: 0, ra: 104, sp: 4077, tr: 0, , rin : 0, rout: 0
pc: 352, instruction: subI sp sp 1, t0: 2, t1: 0, t2: 1, t3: 1, a0: 1, a1: 2, a2: 0, s0: 0, s1: 0, s2: 0, zero: 0, dr: 0, ra: 104, sp: 4077, tr: 0, , rin : 0, rout: 0
pc: 356, instruction: savePC, t0: 2, t1: 0, t2: 1, t3: 1, a0: 1, a1: 2, a2: 0, s0: 0, s1: 0, s2: 0, zero: 0, dr: 0, ra: 104, sp: 4076, tr: 0, , rin : 0, rout: 0
pc: 360, instruction: jump zero 1060, t0: 2, t1: 0, t2: 1, t3: 1, a0: 1, a1: 2, a2: 0, s0: 0, s1: 0, s2: 0, zero: 0, dr: 0, ra: 356, sp: 4076, tr: 0, , rin : 0, rout: 0
pc: 1060, instruction: nop, t0: 2, t1: 0, t2: 1, t3: 1, a0: 1, a1: 2, a2: 0, s0: 0, s1: 0, s2: 0, zero: 0, dr: 0, ra: 356, sp: 4076, tr: 0, , rin : 0, rout: 0
pc: 1064, instruction: ret, t0: 2, t1: 0, t2: 1, t3: 1, a0: 1, a1: 2, a2: 0, s0: 0, s1: 0, s2: 0, zero: 0, dr: 0, ra: 356, sp: 4076, tr: 0, , rin : 0, rout: 0
pc: 364, instruction: addI sp sp 1, t0: 2, t1: 0, t2: 1, t3: 1, a0: 1, a1: 2, a2: 0, s0: 0, s1: 0, s2: 0, zero: 0, dr: 0, ra: 356, sp: 4076, tr: 0, , rin : 0, rout: 0
pc: 368, instruction: lwm ra sp 0, t0: 2, t1: 0, t2: 1, t3: 1, a0: 1, a1: 2, a2: 0, s0: 0, s1: 0, s2: 0, zero: 0, dr: 0, ra: 356, sp: 4077, tr: 0, , rin : 0, rout: 0
pc: 372, instruction: addI sp sp 1, t0: 2, t1: 0, t2: 1, t3: 1, a0: 1, a1: 2, a2: 0, s0: 0, s1: 0, s2: 0, zero: 0, dr: 0, ra: 104, sp: 4077, tr: 0, , rin : 0, rout: 0
pc: 376, instruction: lwm t3 sp 0, t0: 2, t1: 0, t2: 1, t3: 1, a0: 1, a1: 2, a2: 0, s0: 0, s1: 0, s2: 0, zero: 0, dr: 0, ra: 104, sp: 4078, tr: 0, , rin : 0, rout: 0
pc: 380, instruction: addI sp sp 1, t0: 2, t1: 0, t2: 1, t3: 1, a0: 1, a1: 2, a2: 0, s0: 0, s1: 0, s2: 0, zero: 0, dr: 0, ra: 104, sp: 4078, tr: 0, , rin : 0, rout: 0
pc: 384, instruction: lwm t2 sp 0, t0: 2, t1: 0, t2: 1, t3: 1, a0: 1, a1: 2, a2: 0, s0: 0, s1: 0, s2: 0, zero: 0, dr: 0, ra: 104, sp: 4079, tr: 0, , rin : 0, rout: 0
pc: 388, instruction: addI sp sp 1, t0: 2, t1: 0, t2: 1, t3: 1, a0: 1, a1: 2, a2: 0, s0: 0, s1: 0, s2: 0, zero: 0, dr: 0, ra: 104, sp: 4079, tr: 0, , rin : 0, rout: 0
pc: 392, instruction: lwm t1 sp 0, t0: 2, t1: 0, t2: 1, t3: 1, a0: 1, a1: 2, a2: 0, s0: 0, s1: 0, s2: 0, zero: 0, dr: 0, ra: 104, sp: 4080, tr: 0, , rin : 0, rout: 0
pc: 396, instruction: addI sp sp 1, t0: 2, t1: 0, t2: 1, t3: 1, a0: 1, a1: 2, a2: 0, s0: 0, s1: 0, s2: 0, zero: 0, dr: 0, ra: 104, sp: 4080, tr: 0, , rin : 0, rout: 0
pc: 400, instruction: lwm t0 sp 0, t0: 2, t1: 0, t2: 1, t3: 1, a0: 1, a1: 2, a2: 0, s0: 0, s1: 0, s2: 0, zero: 0, dr: 0, ra: 104, sp: 4081, tr: 0, , rin : 0, rout: 0
pc: 404, instruction: add t1 a0 zero, t0: 2, t1: 0, t2: 1, t3: 1, a0: 1, a1: 2, a2: 0, s0: 0, s1: 0, s2: 0, zero: 0, dr: 0, ra: 104, sp: 4081, tr: 0, , rin : 0, rout: 0
pc: 408, instruction: nop, t0: 2, t1: 1, t2: 1, t3: 1, a0: 1, a1: 2, a2: 0, s0: 0, s1: 0, s2: 0, zero: 0, dr: 0, ra: 104, sp: 4081, tr: 0, , rin : 0, rout: 0
pc: 412, instruction: add a0 t1 zero, t0: 2, t1: 1, t2: 1, t3: 1, a0: 1, a1: 2, a2: 0, s0: 0, s1: 0, s2: 0, zero: 0, dr: 0, ra: 104, sp: 4081, tr: 0, , rin : 0, rout: 0
pc: 416, instruction: ret, t0: 2, t1: 1, t2: 1, t3: 1, a0: 1, a1: 2, a2: 0, s0: 0, s1: 0, s2: 0, zero: 0, dr: 0, ra: 104, sp: 4081, tr: 0, , rin : 0, rout: 0
pc: 112, instruction: addI sp sp 1, t0: 2, t1: 1, t2: 1, t3: 1, a0: 1, a1: 2, a2: 0, s0: 0, s1: 0, s2: 0, zero: 0, dr: 0, ra: 104, sp: 4081, tr: 0, , rin : 0, rout: 0
pc: 116, instruction: lwm ra sp 0, t0: 2, t1: 1, t2: 1, t3: 1, a0: 1, a1: 2, a2: 0, s0: 0, s1: 0, s2: 0, zero: 0, dr: 0, ra: 104, sp: 4082, tr: 0, , rin : 0, rout: 0
pc: 120, instruction: addI sp sp 1, t0: 2, t1: 1, t2: 1, t3: 1, a0: 1, a1: 2, a2: 0, s0: 0, s1: 0, s2: 0, zero: 0, dr: 0, ra: 104, sp: 4082, tr: 0, , rin : 0, rout: 0
pc: 124, instruction: lwm a1 sp 0, t0: 2, t1: 1, t2: 1, t3: 1, a0: 1, a1: 2, a2: 0, s0: 0, s1: 0, s2: 0, zero: 0, dr: 0, ra: 104, sp: 4083, tr: 0, , rin : 0, rout: 0
pc: 128, instruction: addI sp sp 1, t0: 2, t1: 1, t2: 1, t3: 1, a0: 1, a1: 2, a2: 0, s0: 0, s1: 0, s2: 0, zero: 0, dr: 0, ra: 104, sp: 4083, tr: 0, , rin : 0, rout: 0
pc: 132, instruction: lwm t3 sp 0, t0: 2, t1: 1, t2: 1, t3: 1, a0: 1, a1: 2, a2: 0, s0: 0, s1: 0, s2: 0, zero: 0, dr: 0, ra: 104, sp: 4084, tr: 0, , rin : 0, rout: 0
pc: 136, instruction: addI sp sp 1, t0: 2, t1: 1, t2: 1, t3: 1, a0: 1, a1: 2, a2: 0, s0: 0, s1: 0, s2: 0, zero: 0, dr: 0, ra: 104, sp: 4084, tr: 0, , rin : 0, rout: 0
pc: 140, instruction: lwm t2 sp 0, t0: 2, t1: 1, t2: 1, t3: 1, a0: 1, a1: 2, a2: 0, s0: 0, s1: 0, s2: 0, zero: 0, dr: 0, ra: 104, sp: 4085, tr: 0, , rin : 0, rout: 0
pc: 144, instruction: addI sp sp 1, t0: 2, t1: 1, t2: 1, t3: 1, a0: 1, a1: 2, a2: 0, s0: 0, s1: 0, s2: 0, zero: 0, dr: 0, ra: 104, sp: 4085, tr: 0, , rin : 0, rout: 0

Exit code: |-
Halt: Stopping execution
Stdout: |-
6
Total: |-
261 instructions executed
